mode: set
github.com/suyashs52/golang/bookings/cmd/web/main1.go:28.13,32.16 2 0
github.com/suyashs52/golang/bookings/cmd/web/main1.go:37.2,46.16 4 0
github.com/suyashs52/golang/bookings/cmd/web/main1.go:32.16,35.3 2 0
github.com/suyashs52/golang/bookings/cmd/web/main1.go:50.18,67.16 10 1
github.com/suyashs52/golang/bookings/cmd/web/main1.go:72.2,83.12 6 1
github.com/suyashs52/golang/bookings/cmd/web/main1.go:67.16,70.3 2 0
github.com/suyashs52/golang/bookings/cmd/web/middleware.go:10.53,12.71 1 1
github.com/suyashs52/golang/bookings/cmd/web/middleware.go:12.71,15.3 2 0
github.com/suyashs52/golang/bookings/cmd/web/middleware.go:19.45,30.2 3 1
github.com/suyashs52/golang/bookings/cmd/web/middleware.go:33.50,35.2 1 1
github.com/suyashs52/golang/bookings/cmd/web/routes.go:20.49,42.2 19 1
