mode: set
github.com/suyashs52/golang/bookings/internal/forms/errors.go:6.44,9.2 1 1
github.com/suyashs52/golang/bookings/internal/forms/errors.go:12.42,14.18 2 1
github.com/suyashs52/golang/bookings/internal/forms/errors.go:18.2,18.14 1 1
github.com/suyashs52/golang/bookings/internal/forms/errors.go:14.18,16.3 1 1
github.com/suyashs52/golang/bookings/internal/forms/forms.go:17.33,22.2 1 1
github.com/suyashs52/golang/bookings/internal/forms/forms.go:25.43,26.31 1 1
github.com/suyashs52/golang/bookings/internal/forms/forms.go:26.31,29.37 2 1
github.com/suyashs52/golang/bookings/internal/forms/forms.go:29.37,31.4 1 1
github.com/suyashs52/golang/bookings/internal/forms/forms.go:36.39,38.13 2 1
github.com/suyashs52/golang/bookings/internal/forms/forms.go:45.2,45.13 1 1
github.com/suyashs52/golang/bookings/internal/forms/forms.go:38.13,43.3 2 1
github.com/suyashs52/golang/bookings/internal/forms/forms.go:49.29,51.2 1 1
github.com/suyashs52/golang/bookings/internal/forms/forms.go:54.57,57.21 2 1
github.com/suyashs52/golang/bookings/internal/forms/forms.go:61.2,61.13 1 1
github.com/suyashs52/golang/bookings/internal/forms/forms.go:57.21,60.3 2 1
github.com/suyashs52/golang/bookings/internal/forms/forms.go:64.38,65.40 1 1
github.com/suyashs52/golang/bookings/internal/forms/forms.go:65.40,67.3 1 1
