mode: set
github.com/suyash/mynice/bit_shifting.go:5.21,27.2 12 0
github.com/suyash/mynice/format_pkg.go:18.14,67.2 27 0
github.com/suyash/mynice/hello.go:3.21,6.2 1 1
github.com/suyash/mynice/hello.go:8.28,11.2 1 0
github.com/suyash/mynice/overview.go:14.17,70.26 32 0
github.com/suyash/mynice/overview.go:74.2,74.30 1 0
github.com/suyash/mynice/overview.go:78.2,78.30 1 0
github.com/suyash/mynice/overview.go:82.2,130.16 19 0
github.com/suyash/mynice/overview.go:133.2,142.16 8 0
github.com/suyash/mynice/overview.go:146.2,146.30 1 0
github.com/suyash/mynice/overview.go:70.26,72.3 1 0
github.com/suyash/mynice/overview.go:74.30,76.3 1 0
github.com/suyash/mynice/overview.go:78.30,80.3 1 0
github.com/suyash/mynice/overview.go:130.16,132.3 1 0
github.com/suyash/mynice/overview.go:142.16,144.3 1 0
github.com/suyash/mynice/overview.go:159.39,162.2 2 0
github.com/suyash/mynice/overview.go:164.26,166.2 1 0
github.com/suyash/mynice/overview.go:168.35,171.2 2 0
github.com/suyash/mynice/overview.go:173.46,176.2 2 0
github.com/suyash/mynice/overview.go:190.44,192.2 1 0
github.com/suyash/mynice/overview.go:210.26,212.2 1 0
github.com/suyash/mynice/overview.go:213.29,215.2 1 0
github.com/suyash/mynice/overview.go:217.34,220.2 1 0
github.com/suyash/mynice/overview.go:222.33,224.2 1 0
github.com/suyash/mynice/overview.go:226.38,229.2 1 0
github.com/suyash/mynice/overviewtst.go:8.25,12.16 2 0
github.com/suyash/mynice/overviewtst.go:17.2,17.46 1 0
github.com/suyash/mynice/overviewtst.go:12.16,15.3 2 0
github.com/suyash/mynice/overviewtst.go:20.44,23.12 2 1
github.com/suyash/mynice/overviewtst.go:26.2,28.20 2 1
github.com/suyash/mynice/overviewtst.go:23.12,25.3 1 1
github.com/suyash/mynice/shortDeclaration.go:17.14,33.2 10 0
github.com/suyash/mynice/shortDeclaration.go:35.15,37.2 1 0
github.com/suyash/mynice/constants_lerning.go:35.22,69.2 21 0
github.com/suyash/mynice/control_flow.go:5.21,131.2 8 0
github.com/suyash/mynice/exploring_type.go:20.14,44.2 10 0
github.com/suyash/mynice/exploring_type.go:46.20,48.2 1 0
github.com/suyash/mynice/main.go:5.14,18.27 8 0
github.com/suyash/mynice/main.go:24.2,25.14 2 0
github.com/suyash/mynice/main.go:18.27,19.15 1 0
github.com/suyash/mynice/main.go:19.15,21.4 1 0
github.com/suyash/mynice/main.go:28.12,30.2 1 0
github.com/suyash/mynice/main.go:32.12,34.2 1 0
github.com/suyash/mynice/main.go:36.19,38.2 1 0
github.com/suyash/mynice/main.go:40.26,43.2 2 0
github.com/suyash/mynice/primitivetype_demo.go:12.14,62.30 27 0
github.com/suyash/mynice/primitivetype_demo.go:66.2,68.30 2 0
github.com/suyash/mynice/primitivetype_demo.go:72.2,72.22 1 0
github.com/suyash/mynice/primitivetype_demo.go:62.30,64.3 1 0
github.com/suyash/mynice/primitivetype_demo.go:68.31,70.3 0 0
github.com/suyash/mynice/primitivetype_demo.go:72.22,74.3 1 0
github.com/suyash/mynice/start.go:3.13,12.2 1 0
