mode: set
github.com/suyashs52/golang/bookings/internal/render/render.go:17.40,19.2 1 1
github.com/suyashs52/golang/bookings/internal/render/render.go:22.61,25.16 3 0
github.com/suyashs52/golang/bookings/internal/render/render.go:25.16,28.3 2 0
github.com/suyashs52/golang/bookings/internal/render/render.go:33.59,40.12 4 0
github.com/suyashs52/golang/bookings/internal/render/render.go:51.2,53.28 2 0
github.com/suyashs52/golang/bookings/internal/render/render.go:40.12,44.17 2 0
github.com/suyashs52/golang/bookings/internal/render/render.go:44.17,46.4 1 0
github.com/suyashs52/golang/bookings/internal/render/render.go:47.8,49.3 1 0
github.com/suyashs52/golang/bookings/internal/render/render.go:56.42,63.16 3 0
github.com/suyashs52/golang/bookings/internal/render/render.go:68.2,69.12 2 0
github.com/suyashs52/golang/bookings/internal/render/render.go:63.16,66.3 1 0
github.com/suyashs52/golang/bookings/internal/render/render.go:72.84,78.2 5 1
github.com/suyashs52/golang/bookings/internal/render/render.go:80.105,88.18 1 1
github.com/suyashs52/golang/bookings/internal/render/render.go:95.2,97.9 2 1
github.com/suyashs52/golang/bookings/internal/render/render.go:102.2,108.16 4 1
github.com/suyashs52/golang/bookings/internal/render/render.go:113.2,115.16 2 1
github.com/suyashs52/golang/bookings/internal/render/render.go:120.2,120.12 1 1
github.com/suyashs52/golang/bookings/internal/render/render.go:88.18,90.3 1 0
github.com/suyashs52/golang/bookings/internal/render/render.go:90.8,92.3 1 1
github.com/suyashs52/golang/bookings/internal/render/render.go:97.9,101.3 1 0
github.com/suyashs52/golang/bookings/internal/render/render.go:108.16,110.3 1 0
github.com/suyashs52/golang/bookings/internal/render/render.go:115.16,118.3 2 0
github.com/suyashs52/golang/bookings/internal/render/render.go:126.68,132.16 3 1
github.com/suyashs52/golang/bookings/internal/render/render.go:138.2,138.29 1 1
github.com/suyashs52/golang/bookings/internal/render/render.go:161.2,161.21 1 1
github.com/suyashs52/golang/bookings/internal/render/render.go:132.16,134.3 1 0
github.com/suyashs52/golang/bookings/internal/render/render.go:138.29,142.17 3 1
github.com/suyashs52/golang/bookings/internal/render/render.go:146.3,148.17 2 1
github.com/suyashs52/golang/bookings/internal/render/render.go:152.3,152.23 1 1
github.com/suyashs52/golang/bookings/internal/render/render.go:159.3,159.21 1 1
github.com/suyashs52/golang/bookings/internal/render/render.go:142.17,144.4 1 0
github.com/suyashs52/golang/bookings/internal/render/render.go:148.17,150.4 1 0
github.com/suyashs52/golang/bookings/internal/render/render.go:152.23,154.18 2 1
github.com/suyashs52/golang/bookings/internal/render/render.go:154.18,156.5 1 0
